<?xml version="1.0" encoding="UTF-8"?>
<testng-results skipped="0" failed="0" ignored="0" total="27" passed="27">
  <reporter-output>
  </reporter-output>
  <suite name="Default suite" duration-ms="2193" started-at="2019-09-25T02:53:27Z" finished-at="2019-09-25T02:53:30Z">
    <groups>
    </groups>
    <test name="Default test" duration-ms="2193" started-at="2019-09-25T02:53:27Z" finished-at="2019-09-25T02:53:30Z">
      <class name="com.taller3.sistemamio.integration_tests.RutasServicioTest">
        <test-method status="PASS" signature="init()[pri:0, instance:com.taller3.sistemamio.integration_tests.RutasServicioTest@3fee9989]" name="init" is-config="true" duration-ms="20" started-at="2019-09-25T02:53:27Z" finished-at="2019-09-25T02:53:27Z">
          <reporter-output>
          </reporter-output>
        </test-method> <!-- init -->
        <test-method status="PASS" signature="testAddRutaCorrect()[pri:0, instance:com.taller3.sistemamio.integration_tests.RutasServicioTest@3fee9989]" name="testAddRutaCorrect" duration-ms="27" started-at="2019-09-25T02:53:27Z" finished-at="2019-09-25T02:53:27Z">
          <reporter-output>
          </reporter-output>
        </test-method> <!-- testAddRutaCorrect -->
      </class> <!-- com.taller3.sistemamio.integration_tests.RutasServicioTest -->
      <class name="com.taller3.sistemamio.unit_tests.RutasServicioTest">
        <test-method status="PASS" signature="initMock()[pri:0, instance:com.taller3.sistemamio.unit_tests.RutasServicioTest@73ad2d6]" name="initMock" is-config="true" duration-ms="82" started-at="2019-09-25T02:53:29Z" finished-at="2019-09-25T02:53:29Z">
          <reporter-output>
          </reporter-output>
        </test-method> <!-- initMock -->
        <test-method status="PASS" signature="testAddRutaCorrect()[pri:0, instance:com.taller3.sistemamio.unit_tests.RutasServicioTest@73ad2d6]" name="testAddRutaCorrect" duration-ms="5" started-at="2019-09-25T02:53:29Z" finished-at="2019-09-25T02:53:29Z">
          <reporter-output>
          </reporter-output>
        </test-method> <!-- testAddRutaCorrect -->
        <test-method status="PASS" signature="initMock()[pri:0, instance:com.taller3.sistemamio.unit_tests.RutasServicioTest@73ad2d6]" name="initMock" is-config="true" duration-ms="2" started-at="2019-09-25T02:53:29Z" finished-at="2019-09-25T02:53:29Z">
          <reporter-output>
          </reporter-output>
        </test-method> <!-- initMock -->
        <test-method status="PASS" signature="testAddRutaFechasInconsistentes()[pri:0, instance:com.taller3.sistemamio.unit_tests.RutasServicioTest@73ad2d6]" name="testAddRutaFechasInconsistentes" duration-ms="3" started-at="2019-09-25T02:53:29Z" finished-at="2019-09-25T02:53:29Z">
          <exception class="java.lang.Exception">
            <message>
              <![CDATA[El día de inicio debe ser menor al día de fin]]>
            </message>
            <full-stacktrace>
              <![CDATA[java.lang.Exception: El día de inicio debe ser menor al día de fin
at co.edu.icesi.miniproyecto.services.RutasServicioImpl.addRuta(RutasServicioImpl.java:28)
at com.taller3.sistemamio.unit_tests.RutasServicioTest.testAddRutaFechasInconsistentes(RutasServicioTest.java:62)
at sun.reflect.NativeMethodAccessorImpl.invoke0(Native Method)
at sun.reflect.NativeMethodAccessorImpl.invoke(Unknown Source)
at sun.reflect.DelegatingMethodAccessorImpl.invoke(Unknown Source)
at java.lang.reflect.Method.invoke(Unknown Source)
at org.testng.internal.MethodInvocationHelper.invokeMethod(MethodInvocationHelper.java:124)
at org.testng.internal.Invoker.invokeMethod(Invoker.java:583)
at org.testng.internal.Invoker.invokeTestMethod(Invoker.java:719)
at org.testng.internal.Invoker.invokeTestMethods(Invoker.java:989)
at org.testng.internal.TestMethodWorker.invokeTestMethods(TestMethodWorker.java:125)
at org.testng.internal.TestMethodWorker.run(TestMethodWorker.java:109)
at org.testng.TestRunner.privateRun(TestRunner.java:648)
at org.testng.TestRunner.run(TestRunner.java:505)
at org.testng.SuiteRunner.runTest(SuiteRunner.java:455)
at org.testng.SuiteRunner.runSequentially(SuiteRunner.java:450)
at org.testng.SuiteRunner.privateRun(SuiteRunner.java:415)
at org.testng.SuiteRunner.run(SuiteRunner.java:364)
at org.testng.SuiteRunnerWorker.runSuite(SuiteRunnerWorker.java:52)
at org.testng.SuiteRunnerWorker.run(SuiteRunnerWorker.java:84)
at org.testng.TestNG.runSuitesSequentially(TestNG.java:1208)
at org.testng.TestNG.runSuitesLocally(TestNG.java:1137)
at org.testng.TestNG.runSuites(TestNG.java:1049)
at org.testng.TestNG.run(TestNG.java:1017)
at org.testng.remote.AbstractRemoteTestNG.run(AbstractRemoteTestNG.java:115)
at org.testng.remote.RemoteTestNG.initAndRun(RemoteTestNG.java:251)
at org.testng.remote.RemoteTestNG.main(RemoteTestNG.java:77)
]]>
            </full-stacktrace>
          </exception> <!-- java.lang.Exception -->
          <reporter-output>
          </reporter-output>
        </test-method> <!-- testAddRutaFechasInconsistentes -->
        <test-method status="PASS" signature="initMock()[pri:0, instance:com.taller3.sistemamio.unit_tests.RutasServicioTest@73ad2d6]" name="initMock" is-config="true" duration-ms="2" started-at="2019-09-25T02:53:29Z" finished-at="2019-09-25T02:53:29Z">
          <reporter-output>
          </reporter-output>
        </test-method> <!-- initMock -->
        <test-method status="PASS" signature="testAddRutaHorasInconsistentes()[pri:0, instance:com.taller3.sistemamio.unit_tests.RutasServicioTest@73ad2d6]" name="testAddRutaHorasInconsistentes" duration-ms="3" started-at="2019-09-25T02:53:29Z" finished-at="2019-09-25T02:53:29Z">
          <exception class="java.lang.Exception">
            <message>
              <![CDATA[La hora de inicio ser menor la hora de fin]]>
            </message>
            <full-stacktrace>
              <![CDATA[java.lang.Exception: La hora de inicio ser menor la hora de fin
at co.edu.icesi.miniproyecto.services.RutasServicioImpl.addRuta(RutasServicioImpl.java:31)
at com.taller3.sistemamio.unit_tests.RutasServicioTest.testAddRutaHorasInconsistentes(RutasServicioTest.java:79)
at sun.reflect.NativeMethodAccessorImpl.invoke0(Native Method)
at sun.reflect.NativeMethodAccessorImpl.invoke(Unknown Source)
at sun.reflect.DelegatingMethodAccessorImpl.invoke(Unknown Source)
at java.lang.reflect.Method.invoke(Unknown Source)
at org.testng.internal.MethodInvocationHelper.invokeMethod(MethodInvocationHelper.java:124)
at org.testng.internal.Invoker.invokeMethod(Invoker.java:583)
at org.testng.internal.Invoker.invokeTestMethod(Invoker.java:719)
at org.testng.internal.Invoker.invokeTestMethods(Invoker.java:989)
at org.testng.internal.TestMethodWorker.invokeTestMethods(TestMethodWorker.java:125)
at org.testng.internal.TestMethodWorker.run(TestMethodWorker.java:109)
at org.testng.TestRunner.privateRun(TestRunner.java:648)
at org.testng.TestRunner.run(TestRunner.java:505)
at org.testng.SuiteRunner.runTest(SuiteRunner.java:455)
at org.testng.SuiteRunner.runSequentially(SuiteRunner.java:450)
at org.testng.SuiteRunner.privateRun(SuiteRunner.java:415)
at org.testng.SuiteRunner.run(SuiteRunner.java:364)
at org.testng.SuiteRunnerWorker.runSuite(SuiteRunnerWorker.java:52)
at org.testng.SuiteRunnerWorker.run(SuiteRunnerWorker.java:84)
at org.testng.TestNG.runSuitesSequentially(TestNG.java:1208)
at org.testng.TestNG.runSuitesLocally(TestNG.java:1137)
at org.testng.TestNG.runSuites(TestNG.java:1049)
at org.testng.TestNG.run(TestNG.java:1017)
at org.testng.remote.AbstractRemoteTestNG.run(AbstractRemoteTestNG.java:115)
at org.testng.remote.RemoteTestNG.initAndRun(RemoteTestNG.java:251)
at org.testng.remote.RemoteTestNG.main(RemoteTestNG.java:77)
]]>
            </full-stacktrace>
          </exception> <!-- java.lang.Exception -->
          <reporter-output>
          </reporter-output>
        </test-method> <!-- testAddRutaHorasInconsistentes -->
        <test-method status="PASS" signature="initMock()[pri:0, instance:com.taller3.sistemamio.unit_tests.RutasServicioTest@73ad2d6]" name="initMock" is-config="true" duration-ms="1" started-at="2019-09-25T02:53:29Z" finished-at="2019-09-25T02:53:29Z">
          <reporter-output>
          </reporter-output>
        </test-method> <!-- initMock -->
        <test-method status="PASS" signature="testAddRutaNull()[pri:0, instance:com.taller3.sistemamio.unit_tests.RutasServicioTest@73ad2d6]" name="testAddRutaNull" duration-ms="3" started-at="2019-09-25T02:53:29Z" finished-at="2019-09-25T02:53:29Z">
          <exception class="java.lang.NullPointerException">
            <message>
              <![CDATA[La ruta no puede ser nula]]>
            </message>
            <full-stacktrace>
              <![CDATA[java.lang.NullPointerException: La ruta no puede ser nula
at co.edu.icesi.miniproyecto.services.RutasServicioImpl.addRuta(RutasServicioImpl.java:25)
at com.taller3.sistemamio.unit_tests.RutasServicioTest.testAddRutaNull(RutasServicioTest.java:88)
at sun.reflect.NativeMethodAccessorImpl.invoke0(Native Method)
at sun.reflect.NativeMethodAccessorImpl.invoke(Unknown Source)
at sun.reflect.DelegatingMethodAccessorImpl.invoke(Unknown Source)
at java.lang.reflect.Method.invoke(Unknown Source)
at org.testng.internal.MethodInvocationHelper.invokeMethod(MethodInvocationHelper.java:124)
at org.testng.internal.Invoker.invokeMethod(Invoker.java:583)
at org.testng.internal.Invoker.invokeTestMethod(Invoker.java:719)
at org.testng.internal.Invoker.invokeTestMethods(Invoker.java:989)
at org.testng.internal.TestMethodWorker.invokeTestMethods(TestMethodWorker.java:125)
at org.testng.internal.TestMethodWorker.run(TestMethodWorker.java:109)
at org.testng.TestRunner.privateRun(TestRunner.java:648)
at org.testng.TestRunner.run(TestRunner.java:505)
at org.testng.SuiteRunner.runTest(SuiteRunner.java:455)
at org.testng.SuiteRunner.runSequentially(SuiteRunner.java:450)
at org.testng.SuiteRunner.privateRun(SuiteRunner.java:415)
at org.testng.SuiteRunner.run(SuiteRunner.java:364)
at org.testng.SuiteRunnerWorker.runSuite(SuiteRunnerWorker.java:52)
at org.testng.SuiteRunnerWorker.run(SuiteRunnerWorker.java:84)
at org.testng.TestNG.runSuitesSequentially(TestNG.java:1208)
at org.testng.TestNG.runSuitesLocally(TestNG.java:1137)
at org.testng.TestNG.runSuites(TestNG.java:1049)
at org.testng.TestNG.run(TestNG.java:1017)
at org.testng.remote.AbstractRemoteTestNG.run(AbstractRemoteTestNG.java:115)
at org.testng.remote.RemoteTestNG.initAndRun(RemoteTestNG.java:251)
at org.testng.remote.RemoteTestNG.main(RemoteTestNG.java:77)
]]>
            </full-stacktrace>
          </exception> <!-- java.lang.NullPointerException -->
          <reporter-output>
          </reporter-output>
        </test-method> <!-- testAddRutaNull -->
      </class> <!-- com.taller3.sistemamio.unit_tests.RutasServicioTest -->
      <class name="com.taller3.sistemamio.integration_tests.BusServiceTests">
        <test-method status="PASS" signature="testAddBusA()[pri:0, instance:com.taller3.sistemamio.integration_tests.BusServiceTests@1ce92674]" name="testAddBusA" duration-ms="3" started-at="2019-09-25T02:53:30Z" finished-at="2019-09-25T02:53:30Z">
          <reporter-output>
          </reporter-output>
        </test-method> <!-- testAddBusA -->
        <test-method status="PASS" signature="init()[pri:0, instance:com.taller3.sistemamio.integration_tests.BusServiceTests@1ce92674]" name="init" is-config="true" duration-ms="0" started-at="2019-09-25T02:53:30Z" finished-at="2019-09-25T02:53:30Z">
          <reporter-output>
          </reporter-output>
        </test-method> <!-- init -->
        <test-method status="PASS" signature="testAddBusP()[pri:0, instance:com.taller3.sistemamio.integration_tests.BusServiceTests@1ce92674]" name="testAddBusP" duration-ms="2" started-at="2019-09-25T02:53:30Z" finished-at="2019-09-25T02:53:30Z">
          <reporter-output>
          </reporter-output>
        </test-method> <!-- testAddBusP -->
        <test-method status="PASS" signature="init()[pri:0, instance:com.taller3.sistemamio.integration_tests.BusServiceTests@1ce92674]" name="init" is-config="true" duration-ms="0" started-at="2019-09-25T02:53:30Z" finished-at="2019-09-25T02:53:30Z">
          <reporter-output>
          </reporter-output>
        </test-method> <!-- init -->
        <test-method status="PASS" signature="init()[pri:0, instance:com.taller3.sistemamio.integration_tests.BusServiceTests@1ce92674]" name="init" is-config="true" duration-ms="1" started-at="2019-09-25T02:53:30Z" finished-at="2019-09-25T02:53:30Z">
          <reporter-output>
          </reporter-output>
        </test-method> <!-- init -->
        <test-method status="PASS" signature="testAddBusT()[pri:0, instance:com.taller3.sistemamio.integration_tests.BusServiceTests@1ce92674]" name="testAddBusT" duration-ms="2" started-at="2019-09-25T02:53:30Z" finished-at="2019-09-25T02:53:30Z">
          <reporter-output>
          </reporter-output>
        </test-method> <!-- testAddBusT -->
      </class> <!-- com.taller3.sistemamio.integration_tests.BusServiceTests -->
      <class name="com.taller3.sistemamio.integration_tests.ServiciosServicioTest">
        <test-method status="PASS" signature="init()[pri:0, instance:com.taller3.sistemamio.integration_tests.ServiciosServicioTest@7085bdee]" name="init" is-config="true" duration-ms="8" started-at="2019-09-25T02:53:29Z" finished-at="2019-09-25T02:53:29Z">
          <reporter-output>
          </reporter-output>
        </test-method> <!-- init -->
        <test-method status="PASS" signature="testAddServiceCorect()[pri:0, instance:com.taller3.sistemamio.integration_tests.ServiciosServicioTest@7085bdee]" name="testAddServiceCorect" duration-ms="4" started-at="2019-09-25T02:53:29Z" finished-at="2019-09-25T02:53:29Z">
          <reporter-output>
          </reporter-output>
        </test-method> <!-- testAddServiceCorect -->
        <test-method status="PASS" signature="init()[pri:0, instance:com.taller3.sistemamio.integration_tests.ServiciosServicioTest@7085bdee]" name="init" is-config="true" duration-ms="6" started-at="2019-09-25T02:53:29Z" finished-at="2019-09-25T02:53:29Z">
          <reporter-output>
          </reporter-output>
        </test-method> <!-- init -->
        <test-method status="PASS" signature="testAddServiceNullBus()[pri:0, instance:com.taller3.sistemamio.integration_tests.ServiciosServicioTest@7085bdee]" name="testAddServiceNullBus" duration-ms="2" started-at="2019-09-25T02:53:29Z" finished-at="2019-09-25T02:53:29Z">
          <exception class="java.lang.Exception">
            <message>
              <![CDATA[El bus debe de estar registrado]]>
            </message>
            <full-stacktrace>
              <![CDATA[java.lang.Exception: El bus debe de estar registrado
at co.edu.icesi.miniproyecto.services.ServiciosServicioImpl.addServicio(ServiciosServicioImpl.java:67)
at com.taller3.sistemamio.integration_tests.ServiciosServicioTest.testAddServiceNullBus(ServiciosServicioTest.java:160)
at sun.reflect.NativeMethodAccessorImpl.invoke0(Native Method)
at sun.reflect.NativeMethodAccessorImpl.invoke(Unknown Source)
at sun.reflect.DelegatingMethodAccessorImpl.invoke(Unknown Source)
at java.lang.reflect.Method.invoke(Unknown Source)
at org.testng.internal.MethodInvocationHelper.invokeMethod(MethodInvocationHelper.java:124)
at org.testng.internal.Invoker.invokeMethod(Invoker.java:583)
at org.testng.internal.Invoker.invokeTestMethod(Invoker.java:719)
at org.testng.internal.Invoker.invokeTestMethods(Invoker.java:989)
at org.testng.internal.TestMethodWorker.invokeTestMethods(TestMethodWorker.java:125)
at org.testng.internal.TestMethodWorker.run(TestMethodWorker.java:109)
at org.testng.TestRunner.privateRun(TestRunner.java:648)
at org.testng.TestRunner.run(TestRunner.java:505)
at org.testng.SuiteRunner.runTest(SuiteRunner.java:455)
at org.testng.SuiteRunner.runSequentially(SuiteRunner.java:450)
at org.testng.SuiteRunner.privateRun(SuiteRunner.java:415)
at org.testng.SuiteRunner.run(SuiteRunner.java:364)
at org.testng.SuiteRunnerWorker.runSuite(SuiteRunnerWorker.java:52)
at org.testng.SuiteRunnerWorker.run(SuiteRunnerWorker.java:84)
at org.testng.TestNG.runSuitesSequentially(TestNG.java:1208)
at org.testng.TestNG.runSuitesLocally(TestNG.java:1137)
at org.testng.TestNG.runSuites(TestNG.java:1049)
at org.testng.TestNG.run(TestNG.java:1017)
at org.testng.remote.AbstractRemoteTestNG.run(AbstractRemoteTestNG.java:115)
at org.testng.remote.RemoteTestNG.initAndRun(RemoteTestNG.java:251)
at org.testng.remote.RemoteTestNG.main(RemoteTestNG.java:77)
]]>
            </full-stacktrace>
          </exception> <!-- java.lang.Exception -->
          <reporter-output>
          </reporter-output>
        </test-method> <!-- testAddServiceNullBus -->
        <test-method status="PASS" signature="init()[pri:0, instance:com.taller3.sistemamio.integration_tests.ServiciosServicioTest@7085bdee]" name="init" is-config="true" duration-ms="4" started-at="2019-09-25T02:53:29Z" finished-at="2019-09-25T02:53:29Z">
          <reporter-output>
          </reporter-output>
        </test-method> <!-- init -->
        <test-method status="PASS" signature="testAddServiceNullConductor()[pri:0, instance:com.taller3.sistemamio.integration_tests.ServiciosServicioTest@7085bdee]" name="testAddServiceNullConductor" duration-ms="5" started-at="2019-09-25T02:53:29Z" finished-at="2019-09-25T02:53:29Z">
          <exception class="java.lang.Exception">
            <message>
              <![CDATA[El conductor debe de estar registrado]]>
            </message>
            <full-stacktrace>
              <![CDATA[java.lang.Exception: El conductor debe de estar registrado
at co.edu.icesi.miniproyecto.services.ServiciosServicioImpl.addServicio(ServiciosServicioImpl.java:53)
at com.taller3.sistemamio.integration_tests.ServiciosServicioTest.testAddServiceNullConductor(ServiciosServicioTest.java:173)
at sun.reflect.NativeMethodAccessorImpl.invoke0(Native Method)
at sun.reflect.NativeMethodAccessorImpl.invoke(Unknown Source)
at sun.reflect.DelegatingMethodAccessorImpl.invoke(Unknown Source)
at java.lang.reflect.Method.invoke(Unknown Source)
at org.testng.internal.MethodInvocationHelper.invokeMethod(MethodInvocationHelper.java:124)
at org.testng.internal.Invoker.invokeMethod(Invoker.java:583)
at org.testng.internal.Invoker.invokeTestMethod(Invoker.java:719)
at org.testng.internal.Invoker.invokeTestMethods(Invoker.java:989)
at org.testng.internal.TestMethodWorker.invokeTestMethods(TestMethodWorker.java:125)
at org.testng.internal.TestMethodWorker.run(TestMethodWorker.java:109)
at org.testng.TestRunner.privateRun(TestRunner.java:648)
at org.testng.TestRunner.run(TestRunner.java:505)
at org.testng.SuiteRunner.runTest(SuiteRunner.java:455)
at org.testng.SuiteRunner.runSequentially(SuiteRunner.java:450)
at org.testng.SuiteRunner.privateRun(SuiteRunner.java:415)
at org.testng.SuiteRunner.run(SuiteRunner.java:364)
at org.testng.SuiteRunnerWorker.runSuite(SuiteRunnerWorker.java:52)
at org.testng.SuiteRunnerWorker.run(SuiteRunnerWorker.java:84)
at org.testng.TestNG.runSuitesSequentially(TestNG.java:1208)
at org.testng.TestNG.runSuitesLocally(TestNG.java:1137)
at org.testng.TestNG.runSuites(TestNG.java:1049)
at org.testng.TestNG.run(TestNG.java:1017)
at org.testng.remote.AbstractRemoteTestNG.run(AbstractRemoteTestNG.java:115)
at org.testng.remote.RemoteTestNG.initAndRun(RemoteTestNG.java:251)
at org.testng.remote.RemoteTestNG.main(RemoteTestNG.java:77)
]]>
            </full-stacktrace>
          </exception> <!-- java.lang.Exception -->
          <reporter-output>
          </reporter-output>
        </test-method> <!-- testAddServiceNullConductor -->
        <test-method status="PASS" signature="init()[pri:0, instance:com.taller3.sistemamio.integration_tests.ServiciosServicioTest@7085bdee]" name="init" is-config="true" duration-ms="6" started-at="2019-09-25T02:53:29Z" finished-at="2019-09-25T02:53:29Z">
          <reporter-output>
          </reporter-output>
        </test-method> <!-- init -->
        <test-method status="PASS" signature="testAddServiceNullRuta()[pri:0, instance:com.taller3.sistemamio.integration_tests.ServiciosServicioTest@7085bdee]" name="testAddServiceNullRuta" duration-ms="4" started-at="2019-09-25T02:53:29Z" finished-at="2019-09-25T02:53:29Z">
          <exception class="java.lang.Exception">
            <message>
              <![CDATA[La ruta debe de estar registrada]]>
            </message>
            <full-stacktrace>
              <![CDATA[java.lang.Exception: La ruta debe de estar registrada
at co.edu.icesi.miniproyecto.services.ServiciosServicioImpl.addServicio(ServiciosServicioImpl.java:76)
at com.taller3.sistemamio.integration_tests.ServiciosServicioTest.testAddServiceNullRuta(ServiciosServicioTest.java:185)
at sun.reflect.NativeMethodAccessorImpl.invoke0(Native Method)
at sun.reflect.NativeMethodAccessorImpl.invoke(Unknown Source)
at sun.reflect.DelegatingMethodAccessorImpl.invoke(Unknown Source)
at java.lang.reflect.Method.invoke(Unknown Source)
at org.testng.internal.MethodInvocationHelper.invokeMethod(MethodInvocationHelper.java:124)
at org.testng.internal.Invoker.invokeMethod(Invoker.java:583)
at org.testng.internal.Invoker.invokeTestMethod(Invoker.java:719)
at org.testng.internal.Invoker.invokeTestMethods(Invoker.java:989)
at org.testng.internal.TestMethodWorker.invokeTestMethods(TestMethodWorker.java:125)
at org.testng.internal.TestMethodWorker.run(TestMethodWorker.java:109)
at org.testng.TestRunner.privateRun(TestRunner.java:648)
at org.testng.TestRunner.run(TestRunner.java:505)
at org.testng.SuiteRunner.runTest(SuiteRunner.java:455)
at org.testng.SuiteRunner.runSequentially(SuiteRunner.java:450)
at org.testng.SuiteRunner.privateRun(SuiteRunner.java:415)
at org.testng.SuiteRunner.run(SuiteRunner.java:364)
at org.testng.SuiteRunnerWorker.runSuite(SuiteRunnerWorker.java:52)
at org.testng.SuiteRunnerWorker.run(SuiteRunnerWorker.java:84)
at org.testng.TestNG.runSuitesSequentially(TestNG.java:1208)
at org.testng.TestNG.runSuitesLocally(TestNG.java:1137)
at org.testng.TestNG.runSuites(TestNG.java:1049)
at org.testng.TestNG.run(TestNG.java:1017)
at org.testng.remote.AbstractRemoteTestNG.run(AbstractRemoteTestNG.java:115)
at org.testng.remote.RemoteTestNG.initAndRun(RemoteTestNG.java:251)
at org.testng.remote.RemoteTestNG.main(RemoteTestNG.java:77)
]]>
            </full-stacktrace>
          </exception> <!-- java.lang.Exception -->
          <reporter-output>
          </reporter-output>
        </test-method> <!-- testAddServiceNullRuta -->
      </class> <!-- com.taller3.sistemamio.integration_tests.ServiciosServicioTest -->
      <class name="com.taller3.sistemamio.unit_tests.BusServiceTests">
        <test-method status="PASS" signature="initMock()[pri:0, instance:com.taller3.sistemamio.unit_tests.BusServiceTests@5700d6b1]" name="initMock" is-config="true" duration-ms="1313" started-at="2019-09-25T02:53:28Z" finished-at="2019-09-25T02:53:29Z">
          <reporter-output>
          </reporter-output>
        </test-method> <!-- initMock -->
        <test-method status="PASS" signature="testAddBusA()[pri:0, instance:com.taller3.sistemamio.unit_tests.BusServiceTests@5700d6b1]" name="testAddBusA" duration-ms="51" started-at="2019-09-25T02:53:29Z" finished-at="2019-09-25T02:53:29Z">
          <reporter-output>
          </reporter-output>
        </test-method> <!-- testAddBusA -->
        <test-method status="PASS" signature="initMock()[pri:0, instance:com.taller3.sistemamio.unit_tests.BusServiceTests@5700d6b1]" name="initMock" is-config="true" duration-ms="10" started-at="2019-09-25T02:53:29Z" finished-at="2019-09-25T02:53:29Z">
          <reporter-output>
          </reporter-output>
        </test-method> <!-- initMock -->
        <test-method status="PASS" signature="testAddBusP()[pri:0, instance:com.taller3.sistemamio.unit_tests.BusServiceTests@5700d6b1]" name="testAddBusP" duration-ms="4" started-at="2019-09-25T02:53:29Z" finished-at="2019-09-25T02:53:29Z">
          <reporter-output>
          </reporter-output>
        </test-method> <!-- testAddBusP -->
        <test-method status="PASS" signature="initMock()[pri:0, instance:com.taller3.sistemamio.unit_tests.BusServiceTests@5700d6b1]" name="initMock" is-config="true" duration-ms="2" started-at="2019-09-25T02:53:29Z" finished-at="2019-09-25T02:53:29Z">
          <reporter-output>
          </reporter-output>
        </test-method> <!-- initMock -->
        <test-method status="PASS" signature="testAddBusT()[pri:0, instance:com.taller3.sistemamio.unit_tests.BusServiceTests@5700d6b1]" name="testAddBusT" duration-ms="4" started-at="2019-09-25T02:53:29Z" finished-at="2019-09-25T02:53:29Z">
          <reporter-output>
          </reporter-output>
        </test-method> <!-- testAddBusT -->
        <test-method status="PASS" signature="initMock()[pri:0, instance:com.taller3.sistemamio.unit_tests.BusServiceTests@5700d6b1]" name="initMock" is-config="true" duration-ms="1" started-at="2019-09-25T02:53:29Z" finished-at="2019-09-25T02:53:29Z">
          <reporter-output>
          </reporter-output>
        </test-method> <!-- initMock -->
        <test-method status="PASS" signature="testAddNullBuss()[pri:0, instance:com.taller3.sistemamio.unit_tests.BusServiceTests@5700d6b1]" name="testAddNullBuss" duration-ms="3" started-at="2019-09-25T02:53:29Z" finished-at="2019-09-25T02:53:29Z">
          <exception class="java.lang.NullPointerException">
            <message>
              <![CDATA[El bus no puede ser nulo]]>
            </message>
            <full-stacktrace>
              <![CDATA[java.lang.NullPointerException: El bus no puede ser nulo
at co.edu.icesi.miniproyecto.services.BusesServicioImpl.addBus(BusesServicioImpl.java:25)
at com.taller3.sistemamio.unit_tests.BusServiceTests.testAddNullBuss(BusServiceTests.java:81)
at sun.reflect.NativeMethodAccessorImpl.invoke0(Native Method)
at sun.reflect.NativeMethodAccessorImpl.invoke(Unknown Source)
at sun.reflect.DelegatingMethodAccessorImpl.invoke(Unknown Source)
at java.lang.reflect.Method.invoke(Unknown Source)
at org.testng.internal.MethodInvocationHelper.invokeMethod(MethodInvocationHelper.java:124)
at org.testng.internal.Invoker.invokeMethod(Invoker.java:583)
at org.testng.internal.Invoker.invokeTestMethod(Invoker.java:719)
at org.testng.internal.Invoker.invokeTestMethods(Invoker.java:989)
at org.testng.internal.TestMethodWorker.invokeTestMethods(TestMethodWorker.java:125)
at org.testng.internal.TestMethodWorker.run(TestMethodWorker.java:109)
at org.testng.TestRunner.privateRun(TestRunner.java:648)
at org.testng.TestRunner.run(TestRunner.java:505)
at org.testng.SuiteRunner.runTest(SuiteRunner.java:455)
at org.testng.SuiteRunner.runSequentially(SuiteRunner.java:450)
at org.testng.SuiteRunner.privateRun(SuiteRunner.java:415)
at org.testng.SuiteRunner.run(SuiteRunner.java:364)
at org.testng.SuiteRunnerWorker.runSuite(SuiteRunnerWorker.java:52)
at org.testng.SuiteRunnerWorker.run(SuiteRunnerWorker.java:84)
at org.testng.TestNG.runSuitesSequentially(TestNG.java:1208)
at org.testng.TestNG.runSuitesLocally(TestNG.java:1137)
at org.testng.TestNG.runSuites(TestNG.java:1049)
at org.testng.TestNG.run(TestNG.java:1017)
at org.testng.remote.AbstractRemoteTestNG.run(AbstractRemoteTestNG.java:115)
at org.testng.remote.RemoteTestNG.initAndRun(RemoteTestNG.java:251)
at org.testng.remote.RemoteTestNG.main(RemoteTestNG.java:77)
]]>
            </full-stacktrace>
          </exception> <!-- java.lang.NullPointerException -->
          <reporter-output>
          </reporter-output>
        </test-method> <!-- testAddNullBuss -->
      </class> <!-- com.taller3.sistemamio.unit_tests.BusServiceTests -->
      <class name="com.taller3.sistemamio.integration_tests.ConductoresServicioTests">
        <test-method status="PASS" signature="init()[pri:0, instance:com.taller3.sistemamio.integration_tests.ConductoresServicioTests@e45f292]" name="init" is-config="true" duration-ms="1" started-at="2019-09-25T02:53:30Z" finished-at="2019-09-25T02:53:30Z">
          <reporter-output>
          </reporter-output>
        </test-method> <!-- init -->
        <test-method status="PASS" signature="testAddConductorCorrect()[pri:0, instance:com.taller3.sistemamio.integration_tests.ConductoresServicioTests@e45f292]" name="testAddConductorCorrect" duration-ms="3" started-at="2019-09-25T02:53:30Z" finished-at="2019-09-25T02:53:30Z">
          <reporter-output>
          </reporter-output>
        </test-method> <!-- testAddConductorCorrect -->
      </class> <!-- com.taller3.sistemamio.integration_tests.ConductoresServicioTests -->
      <class name="com.taller3.sistemamio.unit_tests.ServiciosServicioTest">
        <test-method status="PASS" signature="instantiateRelationships()[pri:0, instance:com.taller3.sistemamio.unit_tests.ServiciosServicioTest@6fd02e5]" name="instantiateRelationships" is-config="true" duration-ms="61" started-at="2019-09-25T02:53:29Z" finished-at="2019-09-25T02:53:29Z">
          <reporter-output>
          </reporter-output>
        </test-method> <!-- instantiateRelationships -->
        <test-method status="PASS" signature="initMock()[pri:0, instance:com.taller3.sistemamio.unit_tests.ServiciosServicioTest@6fd02e5]" name="initMock" is-config="true" duration-ms="137" started-at="2019-09-25T02:53:29Z" finished-at="2019-09-25T02:53:29Z">
          <reporter-output>
          </reporter-output>
        </test-method> <!-- initMock -->
        <test-method status="PASS" signature="testAddServiceCorect()[pri:0, instance:com.taller3.sistemamio.unit_tests.ServiciosServicioTest@6fd02e5]" name="testAddServiceCorect" duration-ms="14" started-at="2019-09-25T02:53:29Z" finished-at="2019-09-25T02:53:29Z">
          <reporter-output>
          </reporter-output>
        </test-method> <!-- testAddServiceCorect -->
        <test-method status="PASS" signature="initMock()[pri:0, instance:com.taller3.sistemamio.unit_tests.ServiciosServicioTest@6fd02e5]" name="initMock" is-config="true" duration-ms="3" started-at="2019-09-25T02:53:29Z" finished-at="2019-09-25T02:53:29Z">
          <reporter-output>
          </reporter-output>
        </test-method> <!-- initMock -->
        <test-method status="PASS" signature="testAddServiceInconsistentConductor()[pri:0, instance:com.taller3.sistemamio.unit_tests.ServiciosServicioTest@6fd02e5]" name="testAddServiceInconsistentConductor" duration-ms="11" started-at="2019-09-25T02:53:29Z" finished-at="2019-09-25T02:53:29Z">
          <reporter-output>
          </reporter-output>
        </test-method> <!-- testAddServiceInconsistentConductor -->
        <test-method status="PASS" signature="initMock()[pri:0, instance:com.taller3.sistemamio.unit_tests.ServiciosServicioTest@6fd02e5]" name="initMock" is-config="true" duration-ms="3" started-at="2019-09-25T02:53:29Z" finished-at="2019-09-25T02:53:29Z">
          <reporter-output>
          </reporter-output>
        </test-method> <!-- initMock -->
        <test-method status="PASS" signature="testAddServiceInconsistentDates()[pri:0, instance:com.taller3.sistemamio.unit_tests.ServiciosServicioTest@6fd02e5]" name="testAddServiceInconsistentDates" duration-ms="3" started-at="2019-09-25T02:53:29Z" finished-at="2019-09-25T02:53:29Z">
          <exception class="java.lang.Exception">
            <message>
              <![CDATA[La fecha de fin del servicio debe de ser después de la fecha de inicio del servicio]]>
            </message>
            <full-stacktrace>
              <![CDATA[java.lang.Exception: La fecha de fin del servicio debe de ser después de la fecha de inicio del servicio
at co.edu.icesi.miniproyecto.services.ServiciosServicioImpl.addServicio(ServiciosServicioImpl.java:47)
at com.taller3.sistemamio.unit_tests.ServiciosServicioTest.testAddServiceInconsistentDates(ServiciosServicioTest.java:265)
at sun.reflect.NativeMethodAccessorImpl.invoke0(Native Method)
at sun.reflect.NativeMethodAccessorImpl.invoke(Unknown Source)
at sun.reflect.DelegatingMethodAccessorImpl.invoke(Unknown Source)
at java.lang.reflect.Method.invoke(Unknown Source)
at org.testng.internal.MethodInvocationHelper.invokeMethod(MethodInvocationHelper.java:124)
at org.testng.internal.Invoker.invokeMethod(Invoker.java:583)
at org.testng.internal.Invoker.invokeTestMethod(Invoker.java:719)
at org.testng.internal.Invoker.invokeTestMethods(Invoker.java:989)
at org.testng.internal.TestMethodWorker.invokeTestMethods(TestMethodWorker.java:125)
at org.testng.internal.TestMethodWorker.run(TestMethodWorker.java:109)
at org.testng.TestRunner.privateRun(TestRunner.java:648)
at org.testng.TestRunner.run(TestRunner.java:505)
at org.testng.SuiteRunner.runTest(SuiteRunner.java:455)
at org.testng.SuiteRunner.runSequentially(SuiteRunner.java:450)
at org.testng.SuiteRunner.privateRun(SuiteRunner.java:415)
at org.testng.SuiteRunner.run(SuiteRunner.java:364)
at org.testng.SuiteRunnerWorker.runSuite(SuiteRunnerWorker.java:52)
at org.testng.SuiteRunnerWorker.run(SuiteRunnerWorker.java:84)
at org.testng.TestNG.runSuitesSequentially(TestNG.java:1208)
at org.testng.TestNG.runSuitesLocally(TestNG.java:1137)
at org.testng.TestNG.runSuites(TestNG.java:1049)
at org.testng.TestNG.run(TestNG.java:1017)
at org.testng.remote.AbstractRemoteTestNG.run(AbstractRemoteTestNG.java:115)
at org.testng.remote.RemoteTestNG.initAndRun(RemoteTestNG.java:251)
at org.testng.remote.RemoteTestNG.main(RemoteTestNG.java:77)
]]>
            </full-stacktrace>
          </exception> <!-- java.lang.Exception -->
          <reporter-output>
          </reporter-output>
        </test-method> <!-- testAddServiceInconsistentDates -->
        <test-method status="PASS" signature="initMock()[pri:0, instance:com.taller3.sistemamio.unit_tests.ServiciosServicioTest@6fd02e5]" name="initMock" is-config="true" duration-ms="2" started-at="2019-09-25T02:53:29Z" finished-at="2019-09-25T02:53:29Z">
          <reporter-output>
          </reporter-output>
        </test-method> <!-- initMock -->
        <test-method status="PASS" signature="testAddServiceNull()[pri:0, instance:com.taller3.sistemamio.unit_tests.ServiciosServicioTest@6fd02e5]" name="testAddServiceNull" duration-ms="4" started-at="2019-09-25T02:53:29Z" finished-at="2019-09-25T02:53:29Z">
          <exception class="java.lang.NullPointerException">
            <message>
              <![CDATA[El servicio no puede ser nulo]]>
            </message>
            <full-stacktrace>
              <![CDATA[java.lang.NullPointerException: El servicio no puede ser nulo
at co.edu.icesi.miniproyecto.services.ServiciosServicioImpl.addServicio(ServiciosServicioImpl.java:39)
at com.taller3.sistemamio.unit_tests.ServiciosServicioTest.testAddServiceNull(ServiciosServicioTest.java:252)
at sun.reflect.NativeMethodAccessorImpl.invoke0(Native Method)
at sun.reflect.NativeMethodAccessorImpl.invoke(Unknown Source)
at sun.reflect.DelegatingMethodAccessorImpl.invoke(Unknown Source)
at java.lang.reflect.Method.invoke(Unknown Source)
at org.testng.internal.MethodInvocationHelper.invokeMethod(MethodInvocationHelper.java:124)
at org.testng.internal.Invoker.invokeMethod(Invoker.java:583)
at org.testng.internal.Invoker.invokeTestMethod(Invoker.java:719)
at org.testng.internal.Invoker.invokeTestMethods(Invoker.java:989)
at org.testng.internal.TestMethodWorker.invokeTestMethods(TestMethodWorker.java:125)
at org.testng.internal.TestMethodWorker.run(TestMethodWorker.java:109)
at org.testng.TestRunner.privateRun(TestRunner.java:648)
at org.testng.TestRunner.run(TestRunner.java:505)
at org.testng.SuiteRunner.runTest(SuiteRunner.java:455)
at org.testng.SuiteRunner.runSequentially(SuiteRunner.java:450)
at org.testng.SuiteRunner.privateRun(SuiteRunner.java:415)
at org.testng.SuiteRunner.run(SuiteRunner.java:364)
at org.testng.SuiteRunnerWorker.runSuite(SuiteRunnerWorker.java:52)
at org.testng.SuiteRunnerWorker.run(SuiteRunnerWorker.java:84)
at org.testng.TestNG.runSuitesSequentially(TestNG.java:1208)
at org.testng.TestNG.runSuitesLocally(TestNG.java:1137)
at org.testng.TestNG.runSuites(TestNG.java:1049)
at org.testng.TestNG.run(TestNG.java:1017)
at org.testng.remote.AbstractRemoteTestNG.run(AbstractRemoteTestNG.java:115)
at org.testng.remote.RemoteTestNG.initAndRun(RemoteTestNG.java:251)
at org.testng.remote.RemoteTestNG.main(RemoteTestNG.java:77)
]]>
            </full-stacktrace>
          </exception> <!-- java.lang.NullPointerException -->
          <reporter-output>
          </reporter-output>
        </test-method> <!-- testAddServiceNull -->
        <test-method status="PASS" signature="initMock()[pri:0, instance:com.taller3.sistemamio.unit_tests.ServiciosServicioTest@6fd02e5]" name="initMock" is-config="true" duration-ms="57" started-at="2019-09-25T02:53:29Z" finished-at="2019-09-25T02:53:29Z">
          <reporter-output>
          </reporter-output>
        </test-method> <!-- initMock -->
        <test-method status="PASS" signature="testAddServiceNullBus()[pri:0, instance:com.taller3.sistemamio.unit_tests.ServiciosServicioTest@6fd02e5]" name="testAddServiceNullBus" duration-ms="23" started-at="2019-09-25T02:53:29Z" finished-at="2019-09-25T02:53:29Z">
          <reporter-output>
          </reporter-output>
        </test-method> <!-- testAddServiceNullBus -->
        <test-method status="PASS" signature="initMock()[pri:0, instance:com.taller3.sistemamio.unit_tests.ServiciosServicioTest@6fd02e5]" name="initMock" is-config="true" duration-ms="4" started-at="2019-09-25T02:53:29Z" finished-at="2019-09-25T02:53:29Z">
          <reporter-output>
          </reporter-output>
        </test-method> <!-- initMock -->
        <test-method status="PASS" signature="testAddServiceNullConductor()[pri:0, instance:com.taller3.sistemamio.unit_tests.ServiciosServicioTest@6fd02e5]" name="testAddServiceNullConductor" duration-ms="8" started-at="2019-09-25T02:53:29Z" finished-at="2019-09-25T02:53:29Z">
          <reporter-output>
          </reporter-output>
        </test-method> <!-- testAddServiceNullConductor -->
        <test-method status="PASS" signature="initMock()[pri:0, instance:com.taller3.sistemamio.unit_tests.ServiciosServicioTest@6fd02e5]" name="initMock" is-config="true" duration-ms="4" started-at="2019-09-25T02:53:29Z" finished-at="2019-09-25T02:53:29Z">
          <reporter-output>
          </reporter-output>
        </test-method> <!-- initMock -->
        <test-method status="PASS" signature="testAddServiceNullRuta()[pri:0, instance:com.taller3.sistemamio.unit_tests.ServiciosServicioTest@6fd02e5]" name="testAddServiceNullRuta" duration-ms="4" started-at="2019-09-25T02:53:29Z" finished-at="2019-09-25T02:53:29Z">
          <reporter-output>
          </reporter-output>
        </test-method> <!-- testAddServiceNullRuta -->
      </class> <!-- com.taller3.sistemamio.unit_tests.ServiciosServicioTest -->
      <class name="com.taller3.sistemamio.unit_tests.ConductoresServicioTests">
        <test-method status="PASS" signature="initMock()[pri:0, instance:com.taller3.sistemamio.unit_tests.ConductoresServicioTests@5bcab519]" name="initMock" is-config="true" duration-ms="6" started-at="2019-09-25T02:53:30Z" finished-at="2019-09-25T02:53:30Z">
          <reporter-output>
          </reporter-output>
        </test-method> <!-- initMock -->
        <test-method status="PASS" signature="testAddConductorCorrect()[pri:0, instance:com.taller3.sistemamio.unit_tests.ConductoresServicioTests@5bcab519]" name="testAddConductorCorrect" duration-ms="4" started-at="2019-09-25T02:53:30Z" finished-at="2019-09-25T02:53:30Z">
          <reporter-output>
          </reporter-output>
        </test-method> <!-- testAddConductorCorrect -->
        <test-method status="PASS" signature="initMock()[pri:0, instance:com.taller3.sistemamio.unit_tests.ConductoresServicioTests@5bcab519]" name="initMock" is-config="true" duration-ms="2" started-at="2019-09-25T02:53:30Z" finished-at="2019-09-25T02:53:30Z">
          <reporter-output>
          </reporter-output>
        </test-method> <!-- initMock -->
        <test-method status="PASS" signature="testAddConductorInconsistent()[pri:0, instance:com.taller3.sistemamio.unit_tests.ConductoresServicioTests@5bcab519]" name="testAddConductorInconsistent" duration-ms="3" started-at="2019-09-25T02:53:30Z" finished-at="2019-09-25T02:53:30Z">
          <exception class="java.lang.Exception">
            <message>
              <![CDATA[Un conductor no puede ser contratado antes de su fecha de nacimiento]]>
            </message>
            <full-stacktrace>
              <![CDATA[java.lang.Exception: Un conductor no puede ser contratado antes de su fecha de nacimiento
at co.edu.icesi.miniproyecto.services.ConductoresServicioImpl.addConductor(ConductoresServicioImpl.java:28)
at com.taller3.sistemamio.unit_tests.ConductoresServicioTests.testAddConductorInconsistent(ConductoresServicioTests.java:57)
at sun.reflect.NativeMethodAccessorImpl.invoke0(Native Method)
at sun.reflect.NativeMethodAccessorImpl.invoke(Unknown Source)
at sun.reflect.DelegatingMethodAccessorImpl.invoke(Unknown Source)
at java.lang.reflect.Method.invoke(Unknown Source)
at org.testng.internal.MethodInvocationHelper.invokeMethod(MethodInvocationHelper.java:124)
at org.testng.internal.Invoker.invokeMethod(Invoker.java:583)
at org.testng.internal.Invoker.invokeTestMethod(Invoker.java:719)
at org.testng.internal.Invoker.invokeTestMethods(Invoker.java:989)
at org.testng.internal.TestMethodWorker.invokeTestMethods(TestMethodWorker.java:125)
at org.testng.internal.TestMethodWorker.run(TestMethodWorker.java:109)
at org.testng.TestRunner.privateRun(TestRunner.java:648)
at org.testng.TestRunner.run(TestRunner.java:505)
at org.testng.SuiteRunner.runTest(SuiteRunner.java:455)
at org.testng.SuiteRunner.runSequentially(SuiteRunner.java:450)
at org.testng.SuiteRunner.privateRun(SuiteRunner.java:415)
at org.testng.SuiteRunner.run(SuiteRunner.java:364)
at org.testng.SuiteRunnerWorker.runSuite(SuiteRunnerWorker.java:52)
at org.testng.SuiteRunnerWorker.run(SuiteRunnerWorker.java:84)
at org.testng.TestNG.runSuitesSequentially(TestNG.java:1208)
at org.testng.TestNG.runSuitesLocally(TestNG.java:1137)
at org.testng.TestNG.runSuites(TestNG.java:1049)
at org.testng.TestNG.run(TestNG.java:1017)
at org.testng.remote.AbstractRemoteTestNG.run(AbstractRemoteTestNG.java:115)
at org.testng.remote.RemoteTestNG.initAndRun(RemoteTestNG.java:251)
at org.testng.remote.RemoteTestNG.main(RemoteTestNG.java:77)
]]>
            </full-stacktrace>
          </exception> <!-- java.lang.Exception -->
          <reporter-output>
          </reporter-output>
        </test-method> <!-- testAddConductorInconsistent -->
        <test-method status="PASS" signature="initMock()[pri:0, instance:com.taller3.sistemamio.unit_tests.ConductoresServicioTests@5bcab519]" name="initMock" is-config="true" duration-ms="2" started-at="2019-09-25T02:53:30Z" finished-at="2019-09-25T02:53:30Z">
          <reporter-output>
          </reporter-output>
        </test-method> <!-- initMock -->
        <test-method status="PASS" signature="testAddConductorNull()[pri:0, instance:com.taller3.sistemamio.unit_tests.ConductoresServicioTests@5bcab519]" name="testAddConductorNull" duration-ms="3" started-at="2019-09-25T02:53:30Z" finished-at="2019-09-25T02:53:30Z">
          <exception class="java.lang.NullPointerException">
            <message>
              <![CDATA[El conductor no puede ser nulo]]>
            </message>
            <full-stacktrace>
              <![CDATA[java.lang.NullPointerException: El conductor no puede ser nulo
at co.edu.icesi.miniproyecto.services.ConductoresServicioImpl.addConductor(ConductoresServicioImpl.java:25)
at com.taller3.sistemamio.unit_tests.ConductoresServicioTests.testAddConductorNull(ConductoresServicioTests.java:66)
at sun.reflect.NativeMethodAccessorImpl.invoke0(Native Method)
at sun.reflect.NativeMethodAccessorImpl.invoke(Unknown Source)
at sun.reflect.DelegatingMethodAccessorImpl.invoke(Unknown Source)
at java.lang.reflect.Method.invoke(Unknown Source)
at org.testng.internal.MethodInvocationHelper.invokeMethod(MethodInvocationHelper.java:124)
at org.testng.internal.Invoker.invokeMethod(Invoker.java:583)
at org.testng.internal.Invoker.invokeTestMethod(Invoker.java:719)
at org.testng.internal.Invoker.invokeTestMethods(Invoker.java:989)
at org.testng.internal.TestMethodWorker.invokeTestMethods(TestMethodWorker.java:125)
at org.testng.internal.TestMethodWorker.run(TestMethodWorker.java:109)
at org.testng.TestRunner.privateRun(TestRunner.java:648)
at org.testng.TestRunner.run(TestRunner.java:505)
at org.testng.SuiteRunner.runTest(SuiteRunner.java:455)
at org.testng.SuiteRunner.runSequentially(SuiteRunner.java:450)
at org.testng.SuiteRunner.privateRun(SuiteRunner.java:415)
at org.testng.SuiteRunner.run(SuiteRunner.java:364)
at org.testng.SuiteRunnerWorker.runSuite(SuiteRunnerWorker.java:52)
at org.testng.SuiteRunnerWorker.run(SuiteRunnerWorker.java:84)
at org.testng.TestNG.runSuitesSequentially(TestNG.java:1208)
at org.testng.TestNG.runSuitesLocally(TestNG.java:1137)
at org.testng.TestNG.runSuites(TestNG.java:1049)
at org.testng.TestNG.run(TestNG.java:1017)
at org.testng.remote.AbstractRemoteTestNG.run(AbstractRemoteTestNG.java:115)
at org.testng.remote.RemoteTestNG.initAndRun(RemoteTestNG.java:251)
at org.testng.remote.RemoteTestNG.main(RemoteTestNG.java:77)
]]>
            </full-stacktrace>
          </exception> <!-- java.lang.NullPointerException -->
          <reporter-output>
          </reporter-output>
        </test-method> <!-- testAddConductorNull -->
      </class> <!-- com.taller3.sistemamio.unit_tests.ConductoresServicioTests -->
    </test> <!-- Default test -->
  </suite> <!-- Default suite -->
</testng-results>
