<?xml version="1.0" encoding="UTF-8"?>
<!-- Generated by org.testng.reporters.JUnitXMLReporter -->
<testsuite hostname="DESKTOP-U258E43" ignored="0" name="Default test" tests="4" failures="0" timestamp="23 Sep 2019 04:01:16 GMT" time="1.924" errors="0">
  <testcase name="testAddBusA" time="0.107" classname="com.taller3.sistemamio.unit_tests.BusServiceTests"/>
  <testcase name="testAddBusP" time="0.005" classname="com.taller3.sistemamio.unit_tests.BusServiceTests"/>
  <testcase name="testAddBusT" time="0.009" classname="com.taller3.sistemamio.unit_tests.BusServiceTests"/>
  <testcase name="testAddNullBuss" time="0.004" classname="com.taller3.sistemamio.unit_tests.BusServiceTests"/>
</testsuite> <!-- Default test -->
