<?xml version="1.0" encoding="UTF-8"?>
<!-- Generated by org.testng.reporters.JUnitXMLReporter -->
<testsuite hostname="DESKTOP-U258E43" ignored="0" name="Default test" tests="27" failures="0" timestamp="25 Sep 2019 02:53:30 GMT" time="2.193" errors="0">
  <testcase name="testAddRutaCorrect" time="0.027" classname="com.taller3.sistemamio.integration_tests.RutasServicioTest"/>
  <testcase name="testAddBusA" time="0.051" classname="com.taller3.sistemamio.unit_tests.BusServiceTests"/>
  <testcase name="testAddBusP" time="0.004" classname="com.taller3.sistemamio.unit_tests.BusServiceTests"/>
  <testcase name="testAddBusT" time="0.004" classname="com.taller3.sistemamio.unit_tests.BusServiceTests"/>
  <testcase name="testAddNullBuss" time="0.003" classname="com.taller3.sistemamio.unit_tests.BusServiceTests"/>
  <testcase name="testAddRutaCorrect" time="0.005" classname="com.taller3.sistemamio.unit_tests.RutasServicioTest"/>
  <testcase name="testAddRutaFechasInconsistentes" time="0.003" classname="com.taller3.sistemamio.unit_tests.RutasServicioTest"/>
  <testcase name="testAddRutaHorasInconsistentes" time="0.003" classname="com.taller3.sistemamio.unit_tests.RutasServicioTest"/>
  <testcase name="testAddRutaNull" time="0.003" classname="com.taller3.sistemamio.unit_tests.RutasServicioTest"/>
  <testcase name="testAddServiceCorect" time="0.014" classname="com.taller3.sistemamio.unit_tests.ServiciosServicioTest"/>
  <testcase name="testAddServiceInconsistentConductor" time="0.011" classname="com.taller3.sistemamio.unit_tests.ServiciosServicioTest"/>
  <testcase name="testAddServiceInconsistentDates" time="0.003" classname="com.taller3.sistemamio.unit_tests.ServiciosServicioTest"/>
  <testcase name="testAddServiceNull" time="0.004" classname="com.taller3.sistemamio.unit_tests.ServiciosServicioTest"/>
  <testcase name="testAddServiceNullBus" time="0.023" classname="com.taller3.sistemamio.unit_tests.ServiciosServicioTest"/>
  <testcase name="testAddServiceNullConductor" time="0.008" classname="com.taller3.sistemamio.unit_tests.ServiciosServicioTest"/>
  <testcase name="testAddServiceNullRuta" time="0.004" classname="com.taller3.sistemamio.unit_tests.ServiciosServicioTest"/>
  <testcase name="testAddServiceCorect" time="0.004" classname="com.taller3.sistemamio.integration_tests.ServiciosServicioTest"/>
  <testcase name="testAddServiceNullBus" time="0.002" classname="com.taller3.sistemamio.integration_tests.ServiciosServicioTest"/>
  <testcase name="testAddServiceNullConductor" time="0.005" classname="com.taller3.sistemamio.integration_tests.ServiciosServicioTest"/>
  <testcase name="testAddServiceNullRuta" time="0.004" classname="com.taller3.sistemamio.integration_tests.ServiciosServicioTest"/>
  <testcase name="testAddConductorCorrect" time="0.004" classname="com.taller3.sistemamio.unit_tests.ConductoresServicioTests"/>
  <testcase name="testAddConductorInconsistent" time="0.003" classname="com.taller3.sistemamio.unit_tests.ConductoresServicioTests"/>
  <testcase name="testAddConductorNull" time="0.003" classname="com.taller3.sistemamio.unit_tests.ConductoresServicioTests"/>
  <testcase name="testAddBusA" time="0.003" classname="com.taller3.sistemamio.integration_tests.BusServiceTests"/>
  <testcase name="testAddBusP" time="0.002" classname="com.taller3.sistemamio.integration_tests.BusServiceTests"/>
  <testcase name="testAddBusT" time="0.002" classname="com.taller3.sistemamio.integration_tests.BusServiceTests"/>
  <testcase name="testAddConductorCorrect" time="0.003" classname="com.taller3.sistemamio.integration_tests.ConductoresServicioTests"/>
</testsuite> <!-- Default test -->
